<?xml version="1.0" encoding="UTF-8"?>
<!-- Generated by org.testng.reporters.JUnitXMLReporter -->
<testsuite ignored="0" hostname="Sanju" failures="0" tests="6" name="Test2" time="0.04" errors="0" timestamp="2023-06-09T20:50:04 IST">
  <testcase classname="TestNG.example6_Sample1" name="TC1" time="0.005"/>
  <testcase classname="TestNG.example6_Sample1" name="TC2" time="0.001"/>
  <testcase classname="TestNG.example6_Sample1" name="TC3" time="0.001"/>
  <testcase classname="TestNG.example6_Sample2" name="TC4" time="0.0"/>
  <testcase classname="TestNG.example6_Sample2" name="TC5" time="0.001"/>
  <testcase classname="TestNG.example6_Sample2" name="TC6" time="0.001"/>
</testsuite> <!-- Test2 -->
