<?xml version="1.0" encoding="UTF-8"?>
<!-- Generated by org.testng.reporters.JUnitXMLReporter -->
<testsuite ignored="0" hostname="Sanju" failures="0" tests="4" name="Default test" time="0.033" errors="0" timestamp="2023-06-06T21:04:03 IST">
  <testcase classname="TestNG.example5_TestNGKeyword3_priority2" name="TC2" time="0.005"/>
  <testcase classname="TestNG.example5_TestNGKeyword3_priority2" name="TC3" time="0.001"/>
  <testcase classname="TestNG.example5_TestNGKeyword3_priority2" name="TC1" time="0.0"/>
  <testcase classname="TestNG.example5_TestNGKeyword3_priority2" name="TC4" time="0.0"/>
</testsuite> <!-- Default test -->
