<?xml version="1.0" encoding="UTF-8"?>
<!-- Generated by org.testng.reporters.JUnitXMLReporter -->
<testsuite ignored="0" hostname="Sanju" failures="0" tests="3" name="Default test" time="0.049" errors="0" timestamp="2023-06-05T20:59:41 IST">
  <testcase classname="TestNG.example3_EmailableReport" name="TC1" time="0.007"/>
  <testcase classname="TestNG.example3_EmailableReport" name="TC2" time="0.001"/>
  <testcase classname="TestNG.example3_EmailableReport" name="TC3" time="0.001"/>
</testsuite> <!-- Default test -->
