<?xml version="1.0" encoding="UTF-8"?>
<!-- Generated by org.testng.reporters.JUnitXMLReporter -->
<testsuite ignored="3" hostname="Sanju" failures="0" tests="2" name="Test(failed)" time="0.035" errors="0" timestamp="2023-06-14T19:43:48 IST">
  <testcase classname="TestNG.example9" name="TC5" time="0.007"/>
  <testcase classname="TestNG.example9" name="TC4" time="0.001"/>
  <testcase classname="TestNG.example9" name="TC2" time="0.0">
    <ignored/>
  </testcase> <!-- TC2 -->
  <testcase classname="TestNG.example9" name="TC3" time="0.0">
    <ignored/>
  </testcase> <!-- TC3 -->
  <testcase classname="TestNG.example9" name="TC1" time="0.0">
    <ignored/>
  </testcase> <!-- TC1 -->
</testsuite> <!-- Test(failed) -->
