<?xml version="1.0" encoding="UTF-8"?>
<testng-results ignored="0" total="4" passed="4" failed="0" skipped="0">
  <reporter-output>
    <line>
      <![CDATA[--running TC2--]]>
    </line>
    <line>
      <![CDATA[--running TC3--]]>
    </line>
    <line>
      <![CDATA[--running TC1--]]>
    </line>
    <line>
      <![CDATA[--running TC4--]]>
    </line>
  </reporter-output>
  <suite started-at="2023-06-06T21:04:03 IST" name="Default suite" finished-at="2023-06-06T21:04:03 IST" duration-ms="33">
    <groups>
    </groups>
    <test started-at="2023-06-06T21:04:03 IST" name="Default test" finished-at="2023-06-06T21:04:03 IST" duration-ms="33">
      <class name="TestNG.example5_TestNGKeyword3_priority2">
        <test-method signature="TC2()[pri:-2, instance:TestNG.example5_TestNGKeyword3_priority2@6c130c45]" started-at="2023-06-06T21:04:03 IST" name="TC2" finished-at="2023-06-06T21:04:03 IST" duration-ms="5" status="PASS">
          <reporter-output>
            <line>
              <![CDATA[--running TC2--]]>
            </line>
          </reporter-output>
        </test-method> <!-- TC2 -->
        <test-method signature="TC3()[pri:0, instance:TestNG.example5_TestNGKeyword3_priority2@6c130c45]" started-at="2023-06-06T21:04:03 IST" name="TC3" finished-at="2023-06-06T21:04:03 IST" duration-ms="1" status="PASS">
          <reporter-output>
            <line>
              <![CDATA[--running TC3--]]>
            </line>
          </reporter-output>
        </test-method> <!-- TC3 -->
        <test-method signature="TC1()[pri:3, instance:TestNG.example5_TestNGKeyword3_priority2@6c130c45]" started-at="2023-06-06T21:04:03 IST" name="TC1" finished-at="2023-06-06T21:04:03 IST" duration-ms="0" status="PASS">
          <reporter-output>
            <line>
              <![CDATA[--running TC1--]]>
            </line>
          </reporter-output>
        </test-method> <!-- TC1 -->
        <test-method signature="TC4()[pri:3, instance:TestNG.example5_TestNGKeyword3_priority2@6c130c45]" started-at="2023-06-06T21:04:03 IST" name="TC4" finished-at="2023-06-06T21:04:03 IST" duration-ms="0" status="PASS">
          <reporter-output>
            <line>
              <![CDATA[--running TC4--]]>
            </line>
          </reporter-output>
        </test-method> <!-- TC4 -->
      </class> <!-- TestNG.example5_TestNGKeyword3_priority2 -->
    </test> <!-- Default test -->
  </suite> <!-- Default suite -->
</testng-results>
